<!DOCTYPE html PUBLIC "-//W3C//DTD XHTML 1.1//EN" "https://www.w3.org/TR/xhtml11/DTD/xhtml11.dtd">
<html xmlns="https://www.w3.org/1999/xhtml">
<head>
<meta http-equiv="content-type" content="text/html; charset=UTF-8"/>
<title>TestNG Report</title>
<style type="text/css">table {margin-bottom:10px;border-collapse:collapse;empty-cells:show}th,td {border:1px solid #009;padding:.25em .5em}th {vertical-align:bottom}td {vertical-align:top}table a {font-weight:bold}.stripe td {background-color: #E6EBF9}.num {text-align:right}.passedodd td {background-color: #3F3}.passedeven td {background-color: #0A0}.skippedodd td {background-color: #DDD}.skippedeven td {background-color: #CCC}.failedodd td,.attn {background-color: #F33}.failedeven td,.stripe .attn {background-color: #D00}.stacktrace {white-space:pre;font-family:monospace}.totop {font-size:85%;text-align:center;border-bottom:2px solid #000}.invisible {display:none}</style>
</head>
<body>
<table>
<tr><th>Test</th><th># Passed</th><th># Skipped</th><th># Retried</th><th># Failed</th><th>Time (ms)</th><th>Included Groups</th><th>Excluded Groups</th></tr>
<tr><th colspan="8">DataDriven</th></tr>
<tr><td><a href="#t0">LoginTest</a></td><td class="num">0</td><td class="num attn">2</td><td class="num">0</td><td class="num">0</td><td class="num">11,354</td><td></td><td></td></tr>
<tr class="stripe"><td><a href="#t1">CustomerTest</a></td><td class="num">0</td><td class="num attn">2</td><td class="num">0</td><td class="num">0</td><td class="num">355</td><td></td><td></td></tr>
<tr><th>Total</th><th class="num">0</th><th class="num attn">4</th><th class="num">0</th><th class="num">0</th><th class="num">11,709</th><th colspan="2"></th></tr>
</table>
<table id='summary'><thead><tr><th>Class</th><th>Method</th><th>Start</th><th>Time (ms)</th></tr></thead><tbody><tr><th colspan="4">DataDriven</th></tr></tbody><tbody id="t0"><tr><th colspan="4">LoginTest &#8212; failed (configuration methods)</th></tr><tr class="failedeven"><td rowspan="1">driverfactory.DriverScript</td><td><a href="#m0">setUp</a></td><td rowspan="1">1727144636049</td><td rowspan="1">11126</td></tr><tr><th colspan="4">LoginTest &#8212; skipped (configuration methods)</th></tr><tr class="skippedeven"><td rowspan="2">config.AppUtil1</td><td><a href="#m1">setUp</a></td><td rowspan="1">1727144647204</td><td rowspan="1">-1727144647204</td></tr><tr class="skippedeven"><td><a href="#m2">tearDown</a></td><td rowspan="1">1727144647381</td><td rowspan="1">-1727144647381</td></tr><tr class="skippedodd"><td rowspan="1">driverfactory.DriverScript</td><td><a href="#m3">tearDown</a></td><td rowspan="1">1727144647379</td><td rowspan="1">-1727144647379</td></tr><tr><th colspan="4">LoginTest &#8212; skipped</th></tr><tr class="skippedeven"><td rowspan="1">driverfactory.DriverScript</td><td><a href="#m4">starttest</a></td><td rowspan="1">1727144647270</td><td rowspan="1">0</td></tr><tr class="skippedodd"><td rowspan="1">driverfactory.TestScript</td><td><a href="#m5">startTest</a></td><td rowspan="1">1727144647356</td><td rowspan="1">0</td></tr></tbody>
<tbody id="t1"><tr><th colspan="4">CustomerTest &#8212; failed (configuration methods)</th></tr><tr class="failedeven"><td rowspan="1">driverfactory.DriverScript</td><td><a href="#m6">setUp</a></td><td rowspan="1">1727144647711</td><td rowspan="1">221</td></tr><tr><th colspan="4">CustomerTest &#8212; skipped (configuration methods)</th></tr><tr class="skippedeven"><td rowspan="2">config.AppUtil1</td><td><a href="#m7">setUp</a></td><td rowspan="1">1727144647977</td><td rowspan="1">-1727144647977</td></tr><tr class="skippedeven"><td><a href="#m8">tearDown</a></td><td rowspan="1">1727144648052</td><td rowspan="1">-1727144648052</td></tr><tr class="skippedodd"><td rowspan="1">driverfactory.DriverScript</td><td><a href="#m9">tearDown</a></td><td rowspan="1">1727144648039</td><td rowspan="1">-1727144648039</td></tr><tr><th colspan="4">CustomerTest &#8212; skipped</th></tr><tr class="skippedeven"><td rowspan="1">driverfactory.DriverScript</td><td><a href="#m10">starttest</a></td><td rowspan="1">1727144647982</td><td rowspan="1">0</td></tr><tr class="skippedodd"><td rowspan="1">driverfactory.TestScript</td><td><a href="#m11">startTest</a></td><td rowspan="1">1727144647990</td><td rowspan="1">0</td></tr></tbody>
</table>
<h2>LoginTest</h2><h3 id="m0">driverfactory.DriverScript#setUp</h3><table class="result"><tr><th>Exception</th></tr><tr><td><div class="stacktrace">org.openqa.selenium.SessionNotCreatedException: Could not start a new session. Possible causes are invalid address of the remote server or browser start-up failure. 
Host info: host: &apos;NANTHA-LAP-PC&apos;, ip: &apos;192.168.43.214&apos;
Build info: version: &apos;4.18.0&apos;, revision: &apos;b6bf9de7cc&apos;
System info: os.name: &apos;Windows 7&apos;, os.arch: &apos;amd64&apos;, os.version: &apos;6.1&apos;, java.version: &apos;17.0.12&apos;
Driver info: org.openqa.selenium.chrome.ChromeDriver
Command: [null, newSession {capabilities=[Capabilities {browserName: chrome, goog:chromeOptions: {args: [], binary: C:\Users\Nantha-Lap\.cache\..., extensions: []}}]}]
	at org.openqa.selenium.remote.RemoteWebDriver.execute(RemoteWebDriver.java:537)
	at org.openqa.selenium.remote.RemoteWebDriver.startSession(RemoteWebDriver.java:233)
	at org.openqa.selenium.remote.RemoteWebDriver.&lt;init&gt;(RemoteWebDriver.java:162)
	at org.openqa.selenium.chromium.ChromiumDriver.&lt;init&gt;(ChromiumDriver.java:114)
	at org.openqa.selenium.chrome.ChromeDriver.&lt;init&gt;(ChromeDriver.java:89)
	at org.openqa.selenium.chrome.ChromeDriver.&lt;init&gt;(ChromeDriver.java:84)
	at org.openqa.selenium.chrome.ChromeDriver.&lt;init&gt;(ChromeDriver.java:52)
	at config.AppUtil.setUp(AppUtil.java:24)
Caused by: java.io.UncheckedIOException: java.io.IOException: Cannot run program &quot;C:\Users\Nantha-Lap\.cache\selenium\chromedriver\win64\129.0.6668.58\chromedriver.exe&quot;: CreateProcess error=193, %1 is not a valid Win32 application
	at org.openqa.selenium.os.ExternalProcess$Builder.start(ExternalProcess.java:193)
	at org.openqa.selenium.remote.service.DriverService.start(DriverService.java:207)
	at org.openqa.selenium.remote.service.DriverCommandExecutor.execute(DriverCommandExecutor.java:117)
	at org.openqa.selenium.remote.RemoteWebDriver.execute(RemoteWebDriver.java:519)
	... 31 more
Caused by: java.io.IOException: Cannot run program &quot;C:\Users\Nantha-Lap\.cache\selenium\chromedriver\win64\129.0.6668.58\chromedriver.exe&quot;: CreateProcess error=193, %1 is not a valid Win32 application
	at java.base/java.lang.ProcessBuilder.start(ProcessBuilder.java:1143)
	at java.base/java.lang.ProcessBuilder.start(ProcessBuilder.java:1073)
	at org.openqa.selenium.os.ExternalProcess$Builder.start(ExternalProcess.java:191)
	... 34 more
Caused by: java.io.IOException: CreateProcess error=193, %1 is not a valid Win32 application
	at java.base/java.lang.ProcessImpl.create(Native Method)
	at java.base/java.lang.ProcessImpl.&lt;init&gt;(ProcessImpl.java:499)
	at java.base/java.lang.ProcessImpl.start(ProcessImpl.java:158)
	at java.base/java.lang.ProcessBuilder.start(ProcessBuilder.java:1110)
	... 36 more
... Removed 24 stack frames</div></td></tr></table><p class="totop"><a href="#summary">back to summary</a></p>
<h3 id="m1">config.AppUtil1#setUp</h3><table class="result"><tr><th class="invisible"/></tr></table><p class="totop"><a href="#summary">back to summary</a></p>
<h3 id="m2">config.AppUtil1#tearDown</h3><table class="result"><tr><th class="invisible"/></tr></table><p class="totop"><a href="#summary">back to summary</a></p>
<h3 id="m3">driverfactory.DriverScript#tearDown</h3><table class="result"><tr><th class="invisible"/></tr></table><p class="totop"><a href="#summary">back to summary</a></p>
<h3 id="m4">driverfactory.DriverScript#starttest</h3><table class="result"><tr><th>Exception</th></tr><tr><td><div class="stacktrace">org.openqa.selenium.SessionNotCreatedException: Could not start a new session. Possible causes are invalid address of the remote server or browser start-up failure. 
Host info: host: &apos;NANTHA-LAP-PC&apos;, ip: &apos;192.168.43.214&apos;
Build info: version: &apos;4.18.0&apos;, revision: &apos;b6bf9de7cc&apos;
System info: os.name: &apos;Windows 7&apos;, os.arch: &apos;amd64&apos;, os.version: &apos;6.1&apos;, java.version: &apos;17.0.12&apos;
Driver info: org.openqa.selenium.chrome.ChromeDriver
Command: [null, newSession {capabilities=[Capabilities {browserName: chrome, goog:chromeOptions: {args: [], binary: C:\Users\Nantha-Lap\.cache\..., extensions: []}}]}]
	at org.openqa.selenium.remote.RemoteWebDriver.execute(RemoteWebDriver.java:537)
	at org.openqa.selenium.remote.RemoteWebDriver.startSession(RemoteWebDriver.java:233)
	at org.openqa.selenium.remote.RemoteWebDriver.&lt;init&gt;(RemoteWebDriver.java:162)
	at org.openqa.selenium.chromium.ChromiumDriver.&lt;init&gt;(ChromiumDriver.java:114)
	at org.openqa.selenium.chrome.ChromeDriver.&lt;init&gt;(ChromeDriver.java:89)
	at org.openqa.selenium.chrome.ChromeDriver.&lt;init&gt;(ChromeDriver.java:84)
	at org.openqa.selenium.chrome.ChromeDriver.&lt;init&gt;(ChromeDriver.java:52)
	at config.AppUtil.setUp(AppUtil.java:24)
Caused by: java.io.UncheckedIOException: java.io.IOException: Cannot run program &quot;C:\Users\Nantha-Lap\.cache\selenium\chromedriver\win64\129.0.6668.58\chromedriver.exe&quot;: CreateProcess error=193, %1 is not a valid Win32 application
	at org.openqa.selenium.os.ExternalProcess$Builder.start(ExternalProcess.java:193)
	at org.openqa.selenium.remote.service.DriverService.start(DriverService.java:207)
	at org.openqa.selenium.remote.service.DriverCommandExecutor.execute(DriverCommandExecutor.java:117)
	at org.openqa.selenium.remote.RemoteWebDriver.execute(RemoteWebDriver.java:519)
	... 31 more
Caused by: java.io.IOException: Cannot run program &quot;C:\Users\Nantha-Lap\.cache\selenium\chromedriver\win64\129.0.6668.58\chromedriver.exe&quot;: CreateProcess error=193, %1 is not a valid Win32 application
	at java.base/java.lang.ProcessBuilder.start(ProcessBuilder.java:1143)
	at java.base/java.lang.ProcessBuilder.start(ProcessBuilder.java:1073)
	at org.openqa.selenium.os.ExternalProcess$Builder.start(ExternalProcess.java:191)
	... 34 more
Caused by: java.io.IOException: CreateProcess error=193, %1 is not a valid Win32 application
	at java.base/java.lang.ProcessImpl.create(Native Method)
	at java.base/java.lang.ProcessImpl.&lt;init&gt;(ProcessImpl.java:499)
	at java.base/java.lang.ProcessImpl.start(ProcessImpl.java:158)
	at java.base/java.lang.ProcessBuilder.start(ProcessBuilder.java:1110)
	... 36 more
... Removed 24 stack frames</div></td></tr></table><p class="totop"><a href="#summary">back to summary</a></p>
<h3 id="m5">driverfactory.TestScript#startTest</h3><table class="result"><tr><th>Exception</th></tr><tr><td><div class="stacktrace">org.openqa.selenium.SessionNotCreatedException: Could not start a new session. Possible causes are invalid address of the remote server or browser start-up failure. 
Host info: host: &apos;NANTHA-LAP-PC&apos;, ip: &apos;192.168.43.214&apos;
Build info: version: &apos;4.18.0&apos;, revision: &apos;b6bf9de7cc&apos;
System info: os.name: &apos;Windows 7&apos;, os.arch: &apos;amd64&apos;, os.version: &apos;6.1&apos;, java.version: &apos;17.0.12&apos;
Driver info: org.openqa.selenium.chrome.ChromeDriver
Command: [null, newSession {capabilities=[Capabilities {browserName: chrome, goog:chromeOptions: {args: [], binary: C:\Users\Nantha-Lap\.cache\..., extensions: []}}]}]
	at org.openqa.selenium.remote.RemoteWebDriver.execute(RemoteWebDriver.java:537)
	at org.openqa.selenium.remote.RemoteWebDriver.startSession(RemoteWebDriver.java:233)
	at org.openqa.selenium.remote.RemoteWebDriver.&lt;init&gt;(RemoteWebDriver.java:162)
	at org.openqa.selenium.chromium.ChromiumDriver.&lt;init&gt;(ChromiumDriver.java:114)
	at org.openqa.selenium.chrome.ChromeDriver.&lt;init&gt;(ChromeDriver.java:89)
	at org.openqa.selenium.chrome.ChromeDriver.&lt;init&gt;(ChromeDriver.java:84)
	at org.openqa.selenium.chrome.ChromeDriver.&lt;init&gt;(ChromeDriver.java:52)
	at config.AppUtil.setUp(AppUtil.java:24)
Caused by: java.io.UncheckedIOException: java.io.IOException: Cannot run program &quot;C:\Users\Nantha-Lap\.cache\selenium\chromedriver\win64\129.0.6668.58\chromedriver.exe&quot;: CreateProcess error=193, %1 is not a valid Win32 application
	at org.openqa.selenium.os.ExternalProcess$Builder.start(ExternalProcess.java:193)
	at org.openqa.selenium.remote.service.DriverService.start(DriverService.java:207)
	at org.openqa.selenium.remote.service.DriverCommandExecutor.execute(DriverCommandExecutor.java:117)
	at org.openqa.selenium.remote.RemoteWebDriver.execute(RemoteWebDriver.java:519)
	... 31 more
Caused by: java.io.IOException: Cannot run program &quot;C:\Users\Nantha-Lap\.cache\selenium\chromedriver\win64\129.0.6668.58\chromedriver.exe&quot;: CreateProcess error=193, %1 is not a valid Win32 application
	at java.base/java.lang.ProcessBuilder.start(ProcessBuilder.java:1143)
	at java.base/java.lang.ProcessBuilder.start(ProcessBuilder.java:1073)
	at org.openqa.selenium.os.ExternalProcess$Builder.start(ExternalProcess.java:191)
	... 34 more
Caused by: java.io.IOException: CreateProcess error=193, %1 is not a valid Win32 application
	at java.base/java.lang.ProcessImpl.create(Native Method)
	at java.base/java.lang.ProcessImpl.&lt;init&gt;(ProcessImpl.java:499)
	at java.base/java.lang.ProcessImpl.start(ProcessImpl.java:158)
	at java.base/java.lang.ProcessBuilder.start(ProcessBuilder.java:1110)
	... 36 more
... Removed 24 stack frames</div></td></tr></table><p class="totop"><a href="#summary">back to summary</a></p>
<h2>CustomerTest</h2><h3 id="m6">driverfactory.DriverScript#setUp</h3><table class="result"><tr><th>Exception</th></tr><tr><td><div class="stacktrace">org.openqa.selenium.SessionNotCreatedException: Could not start a new session. Possible causes are invalid address of the remote server or browser start-up failure. 
Host info: host: &apos;NANTHA-LAP-PC&apos;, ip: &apos;192.168.43.214&apos;
Build info: version: &apos;4.18.0&apos;, revision: &apos;b6bf9de7cc&apos;
System info: os.name: &apos;Windows 7&apos;, os.arch: &apos;amd64&apos;, os.version: &apos;6.1&apos;, java.version: &apos;17.0.12&apos;
Driver info: org.openqa.selenium.chrome.ChromeDriver
Command: [null, newSession {capabilities=[Capabilities {browserName: chrome, goog:chromeOptions: {args: [], binary: C:\Users\Nantha-Lap\.cache\..., extensions: []}}]}]
	at org.openqa.selenium.remote.RemoteWebDriver.execute(RemoteWebDriver.java:537)
	at org.openqa.selenium.remote.RemoteWebDriver.startSession(RemoteWebDriver.java:233)
	at org.openqa.selenium.remote.RemoteWebDriver.&lt;init&gt;(RemoteWebDriver.java:162)
	at org.openqa.selenium.chromium.ChromiumDriver.&lt;init&gt;(ChromiumDriver.java:114)
	at org.openqa.selenium.chrome.ChromeDriver.&lt;init&gt;(ChromeDriver.java:89)
	at org.openqa.selenium.chrome.ChromeDriver.&lt;init&gt;(ChromeDriver.java:84)
	at org.openqa.selenium.chrome.ChromeDriver.&lt;init&gt;(ChromeDriver.java:52)
	at config.AppUtil.setUp(AppUtil.java:24)
Caused by: java.io.UncheckedIOException: java.io.IOException: Cannot run program &quot;C:\Users\Nantha-Lap\.cache\selenium\chromedriver\win64\129.0.6668.58\chromedriver.exe&quot;: CreateProcess error=193, %1 is not a valid Win32 application
	at org.openqa.selenium.os.ExternalProcess$Builder.start(ExternalProcess.java:193)
	at org.openqa.selenium.remote.service.DriverService.start(DriverService.java:207)
	at org.openqa.selenium.remote.service.DriverCommandExecutor.execute(DriverCommandExecutor.java:117)
	at org.openqa.selenium.remote.RemoteWebDriver.execute(RemoteWebDriver.java:519)
	... 31 more
Caused by: java.io.IOException: Cannot run program &quot;C:\Users\Nantha-Lap\.cache\selenium\chromedriver\win64\129.0.6668.58\chromedriver.exe&quot;: CreateProcess error=193, %1 is not a valid Win32 application
	at java.base/java.lang.ProcessBuilder.start(ProcessBuilder.java:1143)
	at java.base/java.lang.ProcessBuilder.start(ProcessBuilder.java:1073)
	at org.openqa.selenium.os.ExternalProcess$Builder.start(ExternalProcess.java:191)
	... 34 more
Caused by: java.io.IOException: CreateProcess error=193, %1 is not a valid Win32 application
	at java.base/java.lang.ProcessImpl.create(Native Method)
	at java.base/java.lang.ProcessImpl.&lt;init&gt;(ProcessImpl.java:499)
	at java.base/java.lang.ProcessImpl.start(ProcessImpl.java:158)
	at java.base/java.lang.ProcessBuilder.start(ProcessBuilder.java:1110)
	... 36 more
... Removed 24 stack frames</div></td></tr></table><p class="totop"><a href="#summary">back to summary</a></p>
<h3 id="m7">config.AppUtil1#setUp</h3><table class="result"><tr><th class="invisible"/></tr></table><p class="totop"><a href="#summary">back to summary</a></p>
<h3 id="m8">config.AppUtil1#tearDown</h3><table class="result"><tr><th class="invisible"/></tr></table><p class="totop"><a href="#summary">back to summary</a></p>
<h3 id="m9">driverfactory.DriverScript#tearDown</h3><table class="result"><tr><th class="invisible"/></tr></table><p class="totop"><a href="#summary">back to summary</a></p>
<h3 id="m10">driverfactory.DriverScript#starttest</h3><table class="result"><tr><th>Exception</th></tr><tr><td><div class="stacktrace">org.openqa.selenium.SessionNotCreatedException: Could not start a new session. Possible causes are invalid address of the remote server or browser start-up failure. 
Host info: host: &apos;NANTHA-LAP-PC&apos;, ip: &apos;192.168.43.214&apos;
Build info: version: &apos;4.18.0&apos;, revision: &apos;b6bf9de7cc&apos;
System info: os.name: &apos;Windows 7&apos;, os.arch: &apos;amd64&apos;, os.version: &apos;6.1&apos;, java.version: &apos;17.0.12&apos;
Driver info: org.openqa.selenium.chrome.ChromeDriver
Command: [null, newSession {capabilities=[Capabilities {browserName: chrome, goog:chromeOptions: {args: [], binary: C:\Users\Nantha-Lap\.cache\..., extensions: []}}]}]
	at org.openqa.selenium.remote.RemoteWebDriver.execute(RemoteWebDriver.java:537)
	at org.openqa.selenium.remote.RemoteWebDriver.startSession(RemoteWebDriver.java:233)
	at org.openqa.selenium.remote.RemoteWebDriver.&lt;init&gt;(RemoteWebDriver.java:162)
	at org.openqa.selenium.chromium.ChromiumDriver.&lt;init&gt;(ChromiumDriver.java:114)
	at org.openqa.selenium.chrome.ChromeDriver.&lt;init&gt;(ChromeDriver.java:89)
	at org.openqa.selenium.chrome.ChromeDriver.&lt;init&gt;(ChromeDriver.java:84)
	at org.openqa.selenium.chrome.ChromeDriver.&lt;init&gt;(ChromeDriver.java:52)
	at config.AppUtil.setUp(AppUtil.java:24)
Caused by: java.io.UncheckedIOException: java.io.IOException: Cannot run program &quot;C:\Users\Nantha-Lap\.cache\selenium\chromedriver\win64\129.0.6668.58\chromedriver.exe&quot;: CreateProcess error=193, %1 is not a valid Win32 application
	at org.openqa.selenium.os.ExternalProcess$Builder.start(ExternalProcess.java:193)
	at org.openqa.selenium.remote.service.DriverService.start(DriverService.java:207)
	at org.openqa.selenium.remote.service.DriverCommandExecutor.execute(DriverCommandExecutor.java:117)
	at org.openqa.selenium.remote.RemoteWebDriver.execute(RemoteWebDriver.java:519)
	... 31 more
Caused by: java.io.IOException: Cannot run program &quot;C:\Users\Nantha-Lap\.cache\selenium\chromedriver\win64\129.0.6668.58\chromedriver.exe&quot;: CreateProcess error=193, %1 is not a valid Win32 application
	at java.base/java.lang.ProcessBuilder.start(ProcessBuilder.java:1143)
	at java.base/java.lang.ProcessBuilder.start(ProcessBuilder.java:1073)
	at org.openqa.selenium.os.ExternalProcess$Builder.start(ExternalProcess.java:191)
	... 34 more
Caused by: java.io.IOException: CreateProcess error=193, %1 is not a valid Win32 application
	at java.base/java.lang.ProcessImpl.create(Native Method)
	at java.base/java.lang.ProcessImpl.&lt;init&gt;(ProcessImpl.java:499)
	at java.base/java.lang.ProcessImpl.start(ProcessImpl.java:158)
	at java.base/java.lang.ProcessBuilder.start(ProcessBuilder.java:1110)
	... 36 more
... Removed 24 stack frames</div></td></tr></table><p class="totop"><a href="#summary">back to summary</a></p>
<h3 id="m11">driverfactory.TestScript#startTest</h3><table class="result"><tr><th>Exception</th></tr><tr><td><div class="stacktrace">org.openqa.selenium.SessionNotCreatedException: Could not start a new session. Possible causes are invalid address of the remote server or browser start-up failure. 
Host info: host: &apos;NANTHA-LAP-PC&apos;, ip: &apos;192.168.43.214&apos;
Build info: version: &apos;4.18.0&apos;, revision: &apos;b6bf9de7cc&apos;
System info: os.name: &apos;Windows 7&apos;, os.arch: &apos;amd64&apos;, os.version: &apos;6.1&apos;, java.version: &apos;17.0.12&apos;
Driver info: org.openqa.selenium.chrome.ChromeDriver
Command: [null, newSession {capabilities=[Capabilities {browserName: chrome, goog:chromeOptions: {args: [], binary: C:\Users\Nantha-Lap\.cache\..., extensions: []}}]}]
	at org.openqa.selenium.remote.RemoteWebDriver.execute(RemoteWebDriver.java:537)
	at org.openqa.selenium.remote.RemoteWebDriver.startSession(RemoteWebDriver.java:233)
	at org.openqa.selenium.remote.RemoteWebDriver.&lt;init&gt;(RemoteWebDriver.java:162)
	at org.openqa.selenium.chromium.ChromiumDriver.&lt;init&gt;(ChromiumDriver.java:114)
	at org.openqa.selenium.chrome.ChromeDriver.&lt;init&gt;(ChromeDriver.java:89)
	at org.openqa.selenium.chrome.ChromeDriver.&lt;init&gt;(ChromeDriver.java:84)
	at org.openqa.selenium.chrome.ChromeDriver.&lt;init&gt;(ChromeDriver.java:52)
	at config.AppUtil.setUp(AppUtil.java:24)
Caused by: java.io.UncheckedIOException: java.io.IOException: Cannot run program &quot;C:\Users\Nantha-Lap\.cache\selenium\chromedriver\win64\129.0.6668.58\chromedriver.exe&quot;: CreateProcess error=193, %1 is not a valid Win32 application
	at org.openqa.selenium.os.ExternalProcess$Builder.start(ExternalProcess.java:193)
	at org.openqa.selenium.remote.service.DriverService.start(DriverService.java:207)
	at org.openqa.selenium.remote.service.DriverCommandExecutor.execute(DriverCommandExecutor.java:117)
	at org.openqa.selenium.remote.RemoteWebDriver.execute(RemoteWebDriver.java:519)
	... 31 more
Caused by: java.io.IOException: Cannot run program &quot;C:\Users\Nantha-Lap\.cache\selenium\chromedriver\win64\129.0.6668.58\chromedriver.exe&quot;: CreateProcess error=193, %1 is not a valid Win32 application
	at java.base/java.lang.ProcessBuilder.start(ProcessBuilder.java:1143)
	at java.base/java.lang.ProcessBuilder.start(ProcessBuilder.java:1073)
	at org.openqa.selenium.os.ExternalProcess$Builder.start(ExternalProcess.java:191)
	... 34 more
Caused by: java.io.IOException: CreateProcess error=193, %1 is not a valid Win32 application
	at java.base/java.lang.ProcessImpl.create(Native Method)
	at java.base/java.lang.ProcessImpl.&lt;init&gt;(ProcessImpl.java:499)
	at java.base/java.lang.ProcessImpl.start(ProcessImpl.java:158)
	at java.base/java.lang.ProcessBuilder.start(ProcessBuilder.java:1110)
	... 36 more
... Removed 24 stack frames</div></td></tr></table><p class="totop"><a href="#summary">back to summary</a></p>
</body>
</html>
